{"/Users/bytedance/Documents/Personal/GitProject/frog-kits/packages/frog-ui/components/Alert/index.tsx": {"path":"/Users/bytedance/Documents/Personal/GitProject/frog-kits/packages/frog-ui/components/Alert/index.tsx","statementMap":{"0":{"start":{"line":9,"column":31},"end":{"line":19,"column":1}},"1":{"start":{"line":10,"column":2},"end":{"line":18,"column":4}}},"fnMap":{"0":{"name":"(anonymous_0)","decl":{"start":{"line":9,"column":31},"end":{"line":9,"column":32}},"loc":{"start":{"line":9,"column":66},"end":{"line":19,"column":1}},"line":9}},"branchMap":{"0":{"loc":{"start":{"line":9,"column":34},"end":{"line":9,"column":50}},"type":"default-arg","locations":[{"start":{"line":9,"column":41},"end":{"line":9,"column":50}}],"line":9}},"s":{"0":1,"1":5},"f":{"0":5},"b":{"0":[1]},"_coverageSchema":"1a1c01bbd47fc00a2c39e90264f33305004495a9","hash":"2999dae2335f6191466bad95436b590bea8b84b2"}
,"/Users/bytedance/Documents/Personal/GitProject/frog-kits/packages/frog-ui/components/Button/index.tsx": {"path":"/Users/bytedance/Documents/Personal/GitProject/frog-kits/packages/frog-ui/components/Button/index.tsx","statementMap":{"0":{"start":{"line":9,"column":32},"end":{"line":24,"column":1}},"1":{"start":{"line":10,"column":22},"end":{"line":12,"column":3}},"2":{"start":{"line":11,"column":4},"end":{"line":11,"column":14}},"3":{"start":{"line":14,"column":2},"end":{"line":23,"column":4}}},"fnMap":{"0":{"name":"(anonymous_0)","decl":{"start":{"line":9,"column":32},"end":{"line":9,"column":33}},"loc":{"start":{"line":9,"column":77},"end":{"line":24,"column":1}},"line":9},"1":{"name":"(anonymous_1)","decl":{"start":{"line":10,"column":22},"end":{"line":10,"column":23}},"loc":{"start":{"line":10,"column":28},"end":{"line":12,"column":3}},"line":10}},"branchMap":{"0":{"loc":{"start":{"line":9,"column":45},"end":{"line":9,"column":61}},"type":"default-arg","locations":[{"start":{"line":9,"column":52},"end":{"line":9,"column":61}}],"line":9}},"s":{"0":1,"1":6,"2":1,"3":6},"f":{"0":6,"1":1},"b":{"0":[2]},"_coverageSchema":"1a1c01bbd47fc00a2c39e90264f33305004495a9","hash":"828e344b6c2143ed83cdb7488e3d8ee7a7d93948"}
}
